omniNotes/build/outputs/logs/manifest-merger-debug-report.txt
-- Merging decision tree log ---
manifest
ADDED from src/main/AndroidManifest.xml:18:1-301:12
	package
		ADDED from src/main/AndroidManifest.xml:20:5-40
		INJECTED from src/main/AndroidManifest.xml
		INJECTED from src/main/AndroidManifest.xml
	android:versionName
		INJECTED from src/main/AndroidManifest.xml
		INJECTED from src/main/AndroidManifest.xml
	xmlns:tools
		ADDED from src/main/AndroidManifest.xml:19:5-51
	xmlns:android
		ADDED from src/main/AndroidManifest.xml:18:11-69
	android:versionCode
		INJECTED from src/main/AndroidManifest.xml
		INJECTED from src/main/AndroidManifest.xml
uses-permission#android.permission.INTERNET
ADDED from src/main/AndroidManifest.xml:23:5-67
MERGED from [com.google.android.gms:play-services-maps:8.1.0] AndroidManifest.xml:21:5-66
MERGED from [org.piwik.sdk:piwik-sdk:0.0.4] AndroidManifest.xml:11:5-67
	android:name
		ADDED from src/main/AndroidManifest.xml:23:22-64
uses-permission#android.permission.ACCESS_COARSE_LOCATION
ADDED from src/main/AndroidManifest.xml:24:5-81
MERGED from [io.nlopez.smartlocation:library:3.2.0] AndroidManifest.xml:12:5-81
	android:name
		ADDED from src/main/AndroidManifest.xml:24:22-78
uses-permission#android.permission.ACCESS_FINE_LOCATION
ADDED from src/main/AndroidManifest.xml:25:5-79
MERGED from [io.nlopez.smartlocation:library:3.2.0] AndroidManifest.xml:14:5-79
	android:name
		ADDED from src/main/AndroidManifest.xml:25:22-76
uses-permission#android.permission.ACCESS_NETWORK_STATE
ADDED from src/main/AndroidManifest.xml:26:5-79
MERGED from [io.nlopez.smartlocation:library:3.2.0] AndroidManifest.xml:13:5-79
MERGED from [com.google.android.gms:play-services-maps:8.1.0] AndroidManifest.xml:20:5-78
MERGED from [org.piwik.sdk:piwik-sdk:0.0.4] AndroidManifest.xml:12:5-79
	android:name
		ADDED from src/main/AndroidManifest.xml:26:22-76
uses-permission#android.permission.WRITE_EXTERNAL_STORAGE
ADDED from src/main/AndroidManifest.xml:27:5-81
MERGED from [com.google.android.gms:play-services-maps:8.1.0] AndroidManifest.xml:22:5-80
	android:name
		ADDED from src/main/AndroidManifest.xml:27:22-78
uses-permission#android.permission.VIBRATE
ADDED from src/main/AndroidManifest.xml:28:5-66
MERGED from [be.billington.calendar.recurrencepicker:library:1.1.1] AndroidManifest.xml:6:5-65
MERGED from [com.github.federicoiosue:checklistview:3.1.3] AndroidManifest.xml:11:5-66
	android:name
		ADDED from src/main/AndroidManifest.xml:28:22-63
uses-permission#android.permission.RECEIVE_BOOT_COMPLETED
ADDED from src/main/AndroidManifest.xml:29:5-81
	android:name
		ADDED from src/main/AndroidManifest.xml:29:22-78
uses-permission#android.permission.RECORD_AUDIO
ADDED from src/main/AndroidManifest.xml:30:5-71
	android:name
		ADDED from src/main/AndroidManifest.xml:30:22-68
uses-permission#com.android.alarm.permission.SET_ALARM
ADDED from src/main/AndroidManifest.xml:31:5-78
	android:name
		ADDED from src/main/AndroidManifest.xml:31:22-75
uses-permission#com.google.android.apps.photos.permission.GOOGLE_PHOTOS
ADDED from src/main/AndroidManifest.xml:32:5-95
	android:name
		ADDED from src/main/AndroidManifest.xml:32:22-92
uses-permission#com.android.launcher.permission.INSTALL_SHORTCUT
ADDED from src/main/AndroidManifest.xml:33:5-88
	android:name
		ADDED from src/main/AndroidManifest.xml:33:22-85
uses-permission#com.android.launcher.permission.UNINSTALL_SHORTCUT
ADDED from src/main/AndroidManifest.xml:34:5-90
	android:name
		ADDED from src/main/AndroidManifest.xml:34:22-87
uses-permission#android.permission.MANAGE_DOCUMENTS
ADDED from src/main/AndroidManifest.xml:35:5-75
	android:name
		ADDED from src/main/AndroidManifest.xml:35:22-72
uses-permission#com.pushbullet.android.permission.READ_MESSAGING_EXTENSION_DATA
ADDED from src/main/AndroidManifest.xml:36:5-103
	android:name
		ADDED from src/main/AndroidManifest.xml:36:22-100
uses-permission#com.pushbullet.android.permission.SEND_MESSAGES
ADDED from src/main/AndroidManifest.xml:37:5-87
	android:name
		ADDED from src/main/AndroidManifest.xml:37:22-84
uses-feature#android.hardware.camera
ADDED from src/main/AndroidManifest.xml:39:5-41:36
	android:required
		ADDED from src/main/AndroidManifest.xml:41:9-33
	android:name
		ADDED from src/main/AndroidManifest.xml:40:9-47
uses-feature#android.hardware.location.gps
ADDED from src/main/AndroidManifest.xml:42:5-44:36
	android:required
		ADDED from src/main/AndroidManifest.xml:44:9-33
	android:name
		ADDED from src/main/AndroidManifest.xml:43:9-53
application
ADDED from src/main/AndroidManifest.xml:46:5-299:19
MERGED from [ch.acra:acra:4.8.5] AndroidManifest.xml:39:5-43:19
MERGED from [com.android.support:support-v4:25.0.1] AndroidManifest.xml:25:5-20
MERGED from [com.android.support:support-compat:25.0.1] AndroidManifest.xml:25:5-20
MERGED from [com.android.support:support-media-compat:25.0.1] AndroidManifest.xml:25:5-20
MERGED from [com.android.support:support-core-utils:25.0.1] AndroidManifest.xml:25:5-20
MERGED from [com.android.support:support-core-ui:25.0.1] AndroidManifest.xml:25:5-20
MERGED from [com.android.support:support-fragment:25.0.1] AndroidManifest.xml:25:5-20
MERGED from [com.github.gabrielemariotti.changeloglib:changelog:2.0.0] AndroidManifest.xml:11:5-20
MERGED from [com.pushbullet:android-extensions:1.0.4] AndroidManifest.xml:9:5-20
MERGED from [com.getbase:floatingactionbutton:1.10.1] AndroidManifest.xml:12:5-20
MERGED from [com.nhaarman.listviewanimations:lib-core:3.1.0] AndroidManifest.xml:26:5-27:19
MERGED from [com.nhaarman.listviewanimations:lib-manipulation:3.1.0] AndroidManifest.xml:26:5-29:19
MERGED from [com.github.afollestad.material-dialogs:commons:0.8.5.6] AndroidManifest.xml:12:5-20
MERGED from [com.android.support:appcompat-v7:25.0.1] AndroidManifest.xml:25:5-20
MERGED from [com.android.support:support-vector-drawable:25.0.1] AndroidManifest.xml:23:5-20
MERGED from [com.android.support:animated-vector-drawable:25.0.1] AndroidManifest.xml:22:5-20
MERGED from [com.github.afollestad.material-dialogs:core:0.8.5.6] AndroidManifest.xml:13:5-20
MERGED from [com.pnikosis:materialish-progress:1.5] AndroidManifest.xml:11:5-20
MERGED from [io.nlopez.smartlocation:library:3.2.0] AndroidManifest.xml:18:5-33:19
MERGED from [com.google.android.gms:play-services-location:8.1.0] AndroidManifest.xml:19:5-20
MERGED from [com.google.android.gms:play-services-basement:8.1.0] AndroidManifest.xml:20:5-24:19
MERGED from [com.google.android.gms:play-services-maps:8.1.0] AndroidManifest.xml:28:5-20
MERGED from [com.tbruyelle.rxpermissions:rxpermissions:0.4.2] AndroidManifest.xml:10:5-15:19
MERGED from [com.github.federicoiosue:simplegallery:2.0.0] AndroidManifest.xml:11:5-15:19
MERGED from [com.android.support:design:25.0.1] AndroidManifest.xml:25:5-20
MERGED from [com.android.support:transition:25.0.1] AndroidManifest.xml:22:5-20
MERGED from [com.squareup.leakcanary:leakcanary-android:1.3] AndroidManifest.xml:24:5-46:19
	android:label
		ADDED from src/main/AndroidManifest.xml:51:9-41
	android:supportsRtl
		ADDED from src/main/AndroidManifest.xml:52:9-35
	android:allowBackup
		ADDED from src/main/AndroidManifest.xml:48:9-35
	android:icon
		ADDED from src/main/AndroidManifest.xml:50:9-43
	android:largeHeap
		ADDED from src/main/AndroidManifest.xml:49:9-33
	android:theme
		ADDED from src/main/AndroidManifest.xml:53:9-62
		REJECTED from [com.github.federicoiosue:simplegallery:2.0.0] AndroidManifest.xml:14:9-40
	tools:replace
		ADDED from src/main/AndroidManifest.xml:54:9-38
	android:name
		ADDED from src/main/AndroidManifest.xml:47:9-59
meta-data#android.app.default_searchable
ADDED from src/main/AndroidManifest.xml:55:9-57:45
	android:value
		ADDED from src/main/AndroidManifest.xml:57:13-42
	android:name
		ADDED from src/main/AndroidManifest.xml:56:13-58
meta-data#com.google.android.gms.version
ADDED from src/main/AndroidManifest.xml:58:9-61:44
MERGED from [io.nlopez.smartlocation:library:3.2.0] AndroidManifest.xml:29:9-32:45
MERGED from [com.google.android.gms:play-services-basement:8.1.0] AndroidManifest.xml:21:9-23:69
	android:value
		ADDED from src/main/AndroidManifest.xml:60:13-66
		REJECTED from [io.nlopez.smartlocation:library:3.2.0] AndroidManifest.xml:31:13-36
		REJECTED from [com.google.android.gms:play-services-basement:8.1.0] AndroidManifest.xml:23:13-66
	tools:replace
		ADDED from src/main/AndroidManifest.xml:61:13-42
	android:name
		ADDED from src/main/AndroidManifest.xml:59:13-58
activity#it.feio.android.omninotes.MainActivity
ADDED from src/main/AndroidManifest.xml:64:9-113:20
	android:label
		ADDED from src/main/AndroidManifest.xml:67:13-45
	android:launchMode
		ADDED from src/main/AndroidManifest.xml:68:13-43
	android:exported
		ADDED from src/main/AndroidManifest.xml:66:13-36
	android:name
		ADDED from src/main/AndroidManifest.xml:65:13-41
intent-filter#android.intent.action.MAIN+android.intent.category.LAUNCHER
ADDED from src/main/AndroidManifest.xml:69:13-72:29
action#android.intent.action.MAIN
ADDED from src/main/AndroidManifest.xml:70:17-69
	android:name
		ADDED from src/main/AndroidManifest.xml:70:25-66
category#android.intent.category.LAUNCHER
ADDED from src/main/AndroidManifest.xml:71:17-77
	android:name
		ADDED from src/main/AndroidManifest.xml:71:27-74
intent-filter#android.intent.action.SEARCH
ADDED from src/main/AndroidManifest.xml:74:13-76:29
action#android.intent.action.SEARCH
ADDED from src/main/AndroidManifest.xml:75:17-71
	android:name
		ADDED from src/main/AndroidManifest.xml:75:25-68
meta-data#android.app.searchable
ADDED from src/main/AndroidManifest.xml:78:13-80:54
	android:resource
		ADDED from src/main/AndroidManifest.xml:80:17-51
	android:name
		ADDED from src/main/AndroidManifest.xml:79:17-54
intent-filter#android.intent.category.DEFAULT+com.google.android.gm.action.AUTO_SEND
ADDED from src/main/AndroidManifest.xml:82:13-88:29
action#com.google.android.gm.action.AUTO_SEND
ADDED from src/main/AndroidManifest.xml:83:17-81
	android:name
		ADDED from src/main/AndroidManifest.xml:83:25-78
category#android.intent.category.DEFAULT
ADDED from src/main/AndroidManifest.xml:85:17-76
	android:name
		ADDED from src/main/AndroidManifest.xml:85:27-73
data
ADDED from src/main/AndroidManifest.xml:87:17-48
	android:mimeType
		ADDED from src/main/AndroidManifest.xml:87:23-45
intent-filter#android.intent.action.SEND+android.intent.category.DEFAULT
ADDED from src/main/AndroidManifest.xml:89:13-95:29
action#android.intent.action.SEND
ADDED from src/main/AndroidManifest.xml:90:17-69
	android:name
		ADDED from src/main/AndroidManifest.xml:90:25-66
intent-filter#android.intent.action.SEND_MULTIPLE+android.intent.category.DEFAULT
ADDED from src/main/AndroidManifest.xml:96:13-102:29
action#android.intent.action.SEND_MULTIPLE
ADDED from src/main/AndroidManifest.xml:97:17-78
	android:name
		ADDED from src/main/AndroidManifest.xml:97:25-75
intent-filter#android.intent.action.VIEW+android.intent.category.BROWSABLE+android.intent.category.DEFAULT
ADDED from src/main/AndroidManifest.xml:104:13-111:29
action#android.intent.action.VIEW
ADDED from src/main/AndroidManifest.xml:105:17-69
	android:name
		ADDED from src/main/AndroidManifest.xml:105:25-66
category#android.intent.category.BROWSABLE
ADDED from src/main/AndroidManifest.xml:108:17-78
	android:name
		ADDED from src/main/AndroidManifest.xml:108:27-75
activity#it.feio.android.omninotes.GalleryActivity
ADDED from src/main/AndroidManifest.xml:116:9-120:71
	android:supportsRtl
		ADDED from src/main/AndroidManifest.xml:119:13-39
	android:configChanges
		ADDED from src/main/AndroidManifest.xml:118:13-74
	android:theme
		ADDED from src/main/AndroidManifest.xml:120:13-68
	android:name
		ADDED from src/main/AndroidManifest.xml:117:13-69
activity#it.feio.android.omninotes.CategoryActivity
ADDED from src/main/AndroidManifest.xml:122:9-130:20
	android:label
		ADDED from src/main/AndroidManifest.xml:124:13-60
	android:parentActivityName
		ADDED from src/main/AndroidManifest.xml:125:13-80
	android:theme
		ADDED from src/main/AndroidManifest.xml:126:13-64
	android:name
		ADDED from src/main/AndroidManifest.xml:123:13-70
meta-data#android.support.PARENT_ACTIVITY
ADDED from src/main/AndroidManifest.xml:127:13-129:49
	android:value
		ADDED from src/main/AndroidManifest.xml:129:17-46
	android:name
		ADDED from src/main/AndroidManifest.xml:128:17-63
activity#it.feio.android.omninotes.SettingsActivity
ADDED from src/main/AndroidManifest.xml:133:9-141:20
	android:label
		ADDED from src/main/AndroidManifest.xml:135:13-45
	android:parentActivityName
		ADDED from src/main/AndroidManifest.xml:136:13-80
	android:theme
		ADDED from src/main/AndroidManifest.xml:137:13-52
	android:name
		ADDED from src/main/AndroidManifest.xml:134:13-70
activity#it.feio.android.omninotes.PasswordActivity
ADDED from src/main/AndroidManifest.xml:144:9-147:68
	android:windowSoftInputMode
		ADDED from src/main/AndroidManifest.xml:146:13-67
	android:theme
		ADDED from src/main/AndroidManifest.xml:147:13-65
	android:name
		ADDED from src/main/AndroidManifest.xml:145:13-70
activity#it.feio.android.omninotes.AboutActivity
ADDED from src/main/AndroidManifest.xml:150:9-153:46
	android:label
		ADDED from src/main/AndroidManifest.xml:152:13-57
	android:launchMode
		ADDED from src/main/AndroidManifest.xml:153:13-43
	android:name
		ADDED from src/main/AndroidManifest.xml:151:13-67
activity#it.feio.android.omninotes.intro.IntroActivity
ADDED from src/main/AndroidManifest.xml:156:9-159:54
	android:label
		ADDED from src/main/AndroidManifest.xml:158:13-45
	android:theme
		ADDED from src/main/AndroidManifest.xml:159:13-52
	android:name
		ADDED from src/main/AndroidManifest.xml:157:13-48
activity#it.feio.android.omninotes.SnoozeActivity
ADDED from src/main/AndroidManifest.xml:162:9-167:63
	android:excludeFromRecents
		ADDED from src/main/AndroidManifest.xml:164:13-46
	android:launchMode
		ADDED from src/main/AndroidManifest.xml:165:13-48
	android:noHistory
		ADDED from src/main/AndroidManifest.xml:166:13-37
	android:theme
		ADDED from src/main/AndroidManifest.xml:167:13-60
	android:name
		ADDED from src/main/AndroidManifest.xml:163:13-68
activity#it.feio.android.omninotes.ShortcutActivity
ADDED from src/main/AndroidManifest.xml:170:9-176:20
	android:name
		ADDED from src/main/AndroidManifest.xml:171:13-70
intent-filter#android.intent.action.CREATE_SHORTCUT+android.intent.category.DEFAULT
ADDED from src/main/AndroidManifest.xml:172:13-175:29
action#android.intent.action.CREATE_SHORTCUT
ADDED from src/main/AndroidManifest.xml:173:17-79
	android:name
		ADDED from src/main/AndroidManifest.xml:173:25-77
activity#it.feio.android.omninotes.StatsActivity
ADDED from src/main/AndroidManifest.xml:179:9-181:67
	android:theme
		ADDED from src/main/AndroidManifest.xml:181:13-64
	android:name
		ADDED from src/main/AndroidManifest.xml:180:13-67
activity#org.acra.CrashReportDialog
ADDED from src/main/AndroidManifest.xml:184:9-189:61
	android:excludeFromRecents
		ADDED from src/main/AndroidManifest.xml:186:13-46
	android:launchMode
		ADDED from src/main/AndroidManifest.xml:188:13-48
	android:finishOnTaskLaunch
		ADDED from src/main/AndroidManifest.xml:187:13-46
	android:theme
		ADDED from src/main/AndroidManifest.xml:189:13-58
	android:name
		ADDED from src/main/AndroidManifest.xml:185:13-54
receiver#it.feio.android.omninotes.receiver.AlarmReceiver
ADDED from src/main/AndroidManifest.xml:192:9-85
	android:name
		ADDED from src/main/AndroidManifest.xml:192:19-82
receiver#it.feio.android.omninotes.receiver.BootCompleteReceiver
ADDED from src/main/AndroidManifest.xml:195:9-204:20
	android:enabled
		ADDED from src/main/AndroidManifest.xml:197:13-35
	android:label
		ADDED from src/main/AndroidManifest.xml:199:13-49
	android:exported
		ADDED from src/main/AndroidManifest.xml:198:13-37
	android:permission
		ADDED from src/main/AndroidManifest.xml:200:13-75
	android:name
		ADDED from src/main/AndroidManifest.xml:196:13-83
intent-filter#android.intent.action.BOOT_COMPLETED
ADDED from src/main/AndroidManifest.xml:201:13-203:29
action#android.intent.action.BOOT_COMPLETED
ADDED from src/main/AndroidManifest.xml:202:17-79
	android:name
		ADDED from src/main/AndroidManifest.xml:202:25-76
service#it.feio.android.omninotes.async.AlarmRestoreOnRebootService
ADDED from src/main/AndroidManifest.xml:207:9-94
	android:name
		ADDED from src/main/AndroidManifest.xml:207:18-92
service#it.feio.android.omninotes.services.NotificationListener
ADDED from src/main/AndroidManifest.xml:210:9-216:19
	android:label
		ADDED from src/main/AndroidManifest.xml:211:18-50
	android:permission
		ADDED from src/main/AndroidManifest.xml:212:18-92
	android:name
		ADDED from src/main/AndroidManifest.xml:210:18-63
intent-filter#android.service.notification.NotificationListenerService
ADDED from src/main/AndroidManifest.xml:213:13-215:29
action#android.service.notification.NotificationListenerService
ADDED from src/main/AndroidManifest.xml:214:17-98
	android:name
		ADDED from src/main/AndroidManifest.xml:214:25-96
service#it.feio.android.omninotes.async.DataBackupIntentService
ADDED from src/main/AndroidManifest.xml:219:9-90
	android:name
		ADDED from src/main/AndroidManifest.xml:219:18-88
activity#it.feio.android.omninotes.widget.WidgetConfigurationActivity
ADDED from src/main/AndroidManifest.xml:222:9-228:20
	android:theme
		ADDED from src/main/AndroidManifest.xml:224:13-64
	android:name
		ADDED from src/main/AndroidManifest.xml:223:13-88
intent-filter#android.appwidget.action.APPWIDGET_CONFIGURE
ADDED from src/main/AndroidManifest.xml:225:13-227:29
action#android.appwidget.action.APPWIDGET_CONFIGURE
ADDED from src/main/AndroidManifest.xml:226:17-87
	android:name
		ADDED from src/main/AndroidManifest.xml:226:25-84
receiver#it.feio.android.omninotes.widget.SimpleWidgetProvider
ADDED from src/main/AndroidManifest.xml:231:9-243:20
	android:label
		ADDED from src/main/AndroidManifest.xml:235:13-45
	android:icon
		ADDED from src/main/AndroidManifest.xml:234:13-42
	android:description
		ADDED from src/main/AndroidManifest.xml:233:13-68
	android:name
		ADDED from src/main/AndroidManifest.xml:232:13-81
intent-filter#android.appwidget.action.APPWIDGET_UPDATE
ADDED from src/main/AndroidManifest.xml:236:13-238:29
action#android.appwidget.action.APPWIDGET_UPDATE
ADDED from src/main/AndroidManifest.xml:237:17-84
	android:name
		ADDED from src/main/AndroidManifest.xml:237:25-81
meta-data#android.appwidget.provider
ADDED from src/main/AndroidManifest.xml:240:13-242:60
	android:resource
		ADDED from src/main/AndroidManifest.xml:242:17-57
	android:name
		ADDED from src/main/AndroidManifest.xml:241:17-58
receiver#it.feio.android.omninotes.widget.ListWidgetProvider
ADDED from src/main/AndroidManifest.xml:245:9-257:20
	android:label
		ADDED from src/main/AndroidManifest.xml:249:13-45
	android:icon
		ADDED from src/main/AndroidManifest.xml:248:13-42
	android:description
		ADDED from src/main/AndroidManifest.xml:247:13-66
	android:name
		ADDED from src/main/AndroidManifest.xml:246:13-79
service#it.feio.android.omninotes.widget.ListWidgetService
ADDED from src/main/AndroidManifest.xml:259:9-261:72
	android:permission
		ADDED from src/main/AndroidManifest.xml:261:13-69
	android:name
		ADDED from src/main/AndroidManifest.xml:260:13-78
service#it.feio.android.omninotes.extensions.ONDashClockExtension
ADDED from src/main/AndroidManifest.xml:264:9-286:19
	android:label
		ADDED from src/main/AndroidManifest.xml:267:13-45
	android:permission
		ADDED from src/main/AndroidManifest.xml:268:13-98
	android:icon
		ADDED from src/main/AndroidManifest.xml:266:13-58
	android:name
		ADDED from src/main/AndroidManifest.xml:265:13-60
intent-filter#com.google.android.apps.dashclock.Extension
ADDED from src/main/AndroidManifest.xml:269:13-271:29
action#com.google.android.apps.dashclock.Extension
ADDED from src/main/AndroidManifest.xml:270:17-86
	android:name
		ADDED from src/main/AndroidManifest.xml:270:25-83
meta-data#protocolVersion
ADDED from src/main/AndroidManifest.xml:273:13-275:37
	android:value
		ADDED from src/main/AndroidManifest.xml:275:17-34
	android:name
		ADDED from src/main/AndroidManifest.xml:274:17-47
meta-data#worldReadable
ADDED from src/main/AndroidManifest.xml:276:13-278:40
	android:value
		ADDED from src/main/AndroidManifest.xml:278:17-37
	android:name
		ADDED from src/main/AndroidManifest.xml:277:17-45
meta-data#description
ADDED from src/main/AndroidManifest.xml:279:13-281:65
	android:value
		ADDED from src/main/AndroidManifest.xml:281:17-62
	android:name
		ADDED from src/main/AndroidManifest.xml:280:17-43
service#it.feio.android.omninotes.extensions.PushBulletExtension
ADDED from src/main/AndroidManifest.xml:288:9-297:19
	android:permission
		ADDED from src/main/AndroidManifest.xml:290:13-97
	android:name
		ADDED from src/main/AndroidManifest.xml:289:13-84
intent-filter#com.pushbullet.android.extension.MessagingExtension
ADDED from src/main/AndroidManifest.xml:291:13-293:29
action#com.pushbullet.android.extension.MessagingExtension
ADDED from src/main/AndroidManifest.xml:292:17-94
	android:name
		ADDED from src/main/AndroidManifest.xml:292:25-91
uses-sdk
INJECTED from src/main/AndroidManifest.xml reason: use-sdk injection requested
MERGED from [com.larswerkman:HoloColorPicker:1.4] AndroidManifest.xml:3:5-72
MERGED from [de.keyboardsurfer.android.widget:crouton:1.8.4] AndroidManifest.xml:16:5-72
MERGED from [ch.acra:acra:4.8.5] AndroidManifest.xml:37:5-72
MERGED from [com.android.support:support-v4:25.0.1] AndroidManifest.xml:21:5-23:54
MERGED from [com.android.support:support-compat:25.0.1] AndroidManifest.xml:21:5-23:58
MERGED from [com.android.support:support-media-compat:25.0.1] AndroidManifest.xml:21:5-23:63
MERGED from [com.android.support:support-core-utils:25.0.1] AndroidManifest.xml:21:5-23:61
MERGED from [com.android.support:support-core-ui:25.0.1] AndroidManifest.xml:21:5-23:58
MERGED from [com.android.support:support-fragment:25.0.1] AndroidManifest.xml:21:5-23:60
MERGED from [com.github.gabrielemariotti.changeloglib:changelog:2.0.0] AndroidManifest.xml:7:5-9:41
MERGED from [com.android.support:recyclerview-v7:25.0.1] AndroidManifest.xml:20:5-43
MERGED from [be.billington.calendar.recurrencepicker:library:1.1.1] AndroidManifest.xml:4:5-73
MERGED from [com.github.flavienlaurent.datetimepicker:library:0.0.2] AndroidManifest.xml:3:5-72
MERGED from [com.pushbullet:android-extensions:1.0.4] AndroidManifest.xml:5:5-7:41
MERGED from [com.getbase:floatingactionbutton:1.10.1] AndroidManifest.xml:8:5-10:41
MERGED from [com.nhaarman.listviewanimations:lib-core:3.1.0] AndroidManifest.xml:22:5-24:41
MERGED from [com.nhaarman.listviewanimations:lib-manipulation:3.1.0] AndroidManifest.xml:22:5-24:41
MERGED from [com.github.afollestad.material-dialogs:commons:0.8.5.6] AndroidManifest.xml:8:5-10:41
MERGED from [com.android.support:appcompat-v7:25.0.1] AndroidManifest.xml:21:5-23:78
MERGED from [com.android.support:support-vector-drawable:25.0.1] AndroidManifest.xml:21:5-43
MERGED from [com.android.support:animated-vector-drawable:25.0.1] AndroidManifest.xml:20:5-44
MERGED from [com.github.afollestad.material-dialogs:core:0.8.5.6] AndroidManifest.xml:8:5-11:75
MERGED from [me.zhanghai.android.materialprogressbar:library:1.1.4] AndroidManifest.xml:11:5-13:41
MERGED from [com.pnikosis:materialish-progress:1.5] AndroidManifest.xml:7:5-9:41
MERGED from [com.github.paolorotolo:appintro:1.3.0] AndroidManifest.xml:7:5-9:41
MERGED from [io.nlopez.smartlocation:library:3.2.0] AndroidManifest.xml:8:5-10:41
MERGED from [com.google.android.gms:play-services-location:8.1.0] AndroidManifest.xml:18:5-42
MERGED from [com.google.android.gms:play-services-base:8.1.0] AndroidManifest.xml:18:5-42
MERGED from [com.google.android.gms:play-services-basement:8.1.0] AndroidManifest.xml:18:5-42
MERGED from [com.google.android.gms:play-services-maps:8.1.0] AndroidManifest.xml:27:5-42
MERGED from [io.reactivex:rxandroid:1.0.1] AndroidManifest.xml:19:5-43
MERGED from [com.artemzin.rxjava:proguard-rules:1.0.14.2] AndroidManifest.xml:8:5-43
MERGED from [com.tbruyelle.rxpermissions:rxpermissions:0.4.2] AndroidManifest.xml:6:5-8:41
MERGED from [org.piwik.sdk:piwik-sdk:0.0.4] AndroidManifest.xml:7:5-9:41
MERGED from [com.github.federicoiosue:simplegallery:2.0.0] AndroidManifest.xml:7:5-9:41
MERGED from [com.github.federicoiosue:checklistview:3.1.3] AndroidManifest.xml:7:5-9:41
MERGED from [com.android.support:design:25.0.1] AndroidManifest.xml:21:5-23:62
MERGED from [com.android.support:transition:25.0.1] AndroidManifest.xml:20:5-44
MERGED from [com.github.federicoiosue:pixlui:2.6] AndroidManifest.xml:7:5-9:41
MERGED from [com.squareup.leakcanary:leakcanary-android:1.3] AndroidManifest.xml:20:5-22:41
	tools:overrideLibrary
		ADDED from [com.android.support:support-v4:25.0.1] AndroidManifest.xml:23:9-51
	android:targetSdkVersion
		INJECTED from src/main/AndroidManifest.xml
		INJECTED from src/main/AndroidManifest.xml
	android:minSdkVersion
		INJECTED from src/main/AndroidManifest.xml
		INJECTED from src/main/AndroidManifest.xml
activity#org.acra.dialog.CrashReportDialog
ADDED from [ch.acra:acra:4.8.5] AndroidManifest.xml:40:9-217
	android:excludeFromRecents
		ADDED from [ch.acra:acra:4.8.5] AndroidManifest.xml:40:19-52
	android:launchMode
		ADDED from [ch.acra:acra:4.8.5] AndroidManifest.xml:40:87-122
	android:finishOnTaskLaunch
		ADDED from [ch.acra:acra:4.8.5] AndroidManifest.xml:40:53-86
	android:theme
		ADDED from [ch.acra:acra:4.8.5] AndroidManifest.xml:40:172-215
	android:name
		ADDED from [ch.acra:acra:4.8.5] AndroidManifest.xml:40:123-171
service#org.acra.sender.SenderService
ADDED from [ch.acra:acra:4.8.5] AndroidManifest.xml:42:9-113
	android:process
		ADDED from [ch.acra:acra:4.8.5] AndroidManifest.xml:42:88-111
	android:exported
		ADDED from [ch.acra:acra:4.8.5] AndroidManifest.xml:42:18-42
	android:name
		ADDED from [ch.acra:acra:4.8.5] AndroidManifest.xml:42:43-87
activity#com.nhaarman.listviewanimations.itemmanipulation.swipedismiss.SwipeTouchListenerTestActivity
ADDED from [com.nhaarman.listviewanimations:lib-manipulation:3.1.0] AndroidManifest.xml:27:9-129
	android:name
		ADDED from [com.nhaarman.listviewanimations:lib-manipulation:3.1.0] AndroidManifest.xml:27:19-126
activity#com.nhaarman.listviewanimations.itemmanipulation.dragdrop.DynamicListViewTestActivity
ADDED from [com.nhaarman.listviewanimations:lib-manipulation:3.1.0] AndroidManifest.xml:28:9-122
	android:name
		ADDED from [com.nhaarman.listviewanimations:lib-manipulation:3.1.0] AndroidManifest.xml:28:19-119
uses-permission#com.google.android.providers.gsf.permission.READ_GSERVICES
ADDED from [io.nlopez.smartlocation:library:3.2.0] AndroidManifest.xml:15:5-98
	android:name
		ADDED from [io.nlopez.smartlocation:library:3.2.0] AndroidManifest.xml:15:22-95
uses-permission#com.google.android.gms.permission.ACTIVITY_RECOGNITION
ADDED from [io.nlopez.smartlocation:library:3.2.0] AndroidManifest.xml:16:5-94
	android:name
		ADDED from [io.nlopez.smartlocation:library:3.2.0] AndroidManifest.xml:16:22-91
service#io.nlopez.smartlocation.activity.providers.ActivityGooglePlayServicesProvider$ActivityRecognitionService
ADDED from [io.nlopez.smartlocation:library:3.2.0] AndroidManifest.xml:19:9-21:40
	android:exported
		ADDED from [io.nlopez.smartlocation:library:3.2.0] AndroidManifest.xml:21:13-37
	android:name
		ADDED from [io.nlopez.smartlocation:library:3.2.0] AndroidManifest.xml:20:13-132
service#io.nlopez.smartlocation.geofencing.providers.GeofencingGooglePlayServicesProvider$GeofencingService
ADDED from [io.nlopez.smartlocation:library:3.2.0] AndroidManifest.xml:22:9-24:40
	android:exported
		ADDED from [io.nlopez.smartlocation:library:3.2.0] AndroidManifest.xml:24:13-37
	android:name
		ADDED from [io.nlopez.smartlocation:library:3.2.0] AndroidManifest.xml:23:13-127
service#io.nlopez.smartlocation.geocoding.providers.AndroidGeocodingProvider$AndroidGeocodingService
ADDED from [io.nlopez.smartlocation:library:3.2.0] AndroidManifest.xml:25:9-27:40
	android:exported
		ADDED from [io.nlopez.smartlocation:library:3.2.0] AndroidManifest.xml:27:13-37
	android:name
		ADDED from [io.nlopez.smartlocation:library:3.2.0] AndroidManifest.xml:26:13-120
uses-feature#0x00020000
ADDED from [com.google.android.gms:play-services-maps:8.1.0] AndroidManifest.xml:23:5-25:33
	android:glEsVersion
		ADDED from [com.google.android.gms:play-services-maps:8.1.0] AndroidManifest.xml:24:8-40
	android:required
		ADDED from [com.google.android.gms:play-services-maps:8.1.0] AndroidManifest.xml:25:8-31
android:uses-permission#android.permission.READ_EXTERNAL_STORAGE
IMPLIED from src/main/AndroidManifest.xml:18:1-301:12 reason: com.google.android.gms.maps requested WRITE_EXTERNAL_STORAGE
activity#com.tbruyelle.rxpermissions.ShadowActivity
ADDED from [com.tbruyelle.rxpermissions:rxpermissions:0.4.2] AndroidManifest.xml:11:9-14:75
	android:launchMode
		ADDED from [com.tbruyelle.rxpermissions:rxpermissions:0.4.2] AndroidManifest.xml:13:13-43
	android:theme
		ADDED from [com.tbruyelle.rxpermissions:rxpermissions:0.4.2] AndroidManifest.xml:14:13-72
	android:name
		ADDED from [com.tbruyelle.rxpermissions:rxpermissions:0.4.2] AndroidManifest.xml:12:13-70
service#com.squareup.leakcanary.internal.HeapAnalyzerService
ADDED from [com.squareup.leakcanary:leakcanary-android:1.3] AndroidManifest.xml:25:9-28:45
	android:enabled
		ADDED from [com.squareup.leakcanary:leakcanary-android:1.3] AndroidManifest.xml:27:13-36
	android:process
		ADDED from [com.squareup.leakcanary:leakcanary-android:1.3] AndroidManifest.xml:28:13-42
	android:name
		ADDED from [com.squareup.leakcanary:leakcanary-android:1.3] AndroidManifest.xml:26:13-80
service#com.squareup.leakcanary.DisplayLeakService
ADDED from [com.squareup.leakcanary:leakcanary-android:1.3] AndroidManifest.xml:29:9-31:39
	android:enabled
		ADDED from [com.squareup.leakcanary:leakcanary-android:1.3] AndroidManifest.xml:31:13-36
	android:name
		ADDED from [com.squareup.leakcanary:leakcanary-android:1.3] AndroidManifest.xml:30:13-70
activity#com.squareup.leakcanary.internal.DisplayLeakActivity